<?xml version="1.0" encoding="UTF-8"?>
<!-- Generated by org.testng.reporters.JUnitReportReporter -->
<testsuite hostname="DESKTOP-GU03B2P" failures="0" tests="1" name="pkg1.SignupTestNg" time="6.393" errors="0" timestamp="2023-02-06T14:57:59 IST" skipped="0">
  <testcase classname="pkg1.SignupTestNg" name="verifyDetailsInfo" time="6.393"/>
  <system-out/>
</testsuite> <!-- pkg1.SignupTestNg -->
