<?xml version="1.0" encoding="UTF-8"?>
<!-- Generated by org.testng.reporters.JUnitReportReporter -->
<testsuite hostname="DESKTOP-GU03B2P" failures="0" tests="2" name="pkg1.LoginPageTestClass" time="9.589" errors="0" timestamp="2023-02-07T11:57:07 IST" skipped="0">
  <testcase classname="pkg1.LoginPageTestClass" name="test1" time="2.948"/>
  <system-out/>
  <testcase classname="pkg1.LoginPageTestClass" name="test1" time="6.641"/>
  <system-out/>
</testsuite> <!-- pkg1.LoginPageTestClass -->
