<?xml version="1.0" encoding="UTF-8"?>
<!-- Generated by org.testng.reporters.JUnitReportReporter -->
<testsuite hostname="DESKTOP-GU03B2P" failures="0" tests="6" name="pkg1.TestNgTestClass" time="90.842" errors="0" timestamp="2023-02-07T11:57:07 IST" skipped="0">
  <testcase classname="pkg1.TestNgTestClass" name="signupPage" time="11.584"/>
  <system-out/>
  <testcase classname="pkg1.TestNgTestClass" name="signupPage" time="11.659"/>
  <system-out/>
  <testcase classname="pkg1.TestNgTestClass" name="privacyPolicy" time="17.502"/>
  <system-out/>
  <testcase classname="pkg1.TestNgTestClass" name="privacyPolicy" time="18.903"/>
  <system-out/>
  <testcase classname="pkg1.TestNgTestClass" name="cookiesPolcy" time="14.442"/>
  <system-out/>
  <testcase classname="pkg1.TestNgTestClass" name="cookiesPolcy" time="16.752"/>
  <system-out/>
</testsuite> <!-- pkg1.TestNgTestClass -->
